<?xml version="1.0" encoding="UTF-8" ?>
<testsuite tests="4" failures="0" name="org.mycom.campus_book.ReservationDaoTest" time="40.05" errors="0" skipped="0">
  <properties>
    <property name="java.runtime.name" value="Java(TM) SE Runtime Environment"/>
    <property name="java.vm.version" value="11.0.6+8-LTS"/>
    <property name="sun.boot.library.path" value="F:\yinsheng\jdk-11.0.6\bin"/>
    <property name="maven.multiModuleProjectDirectory" value="F:\yinsheng\eclipse-workspace\campus_book"/>
    <property name="java.vm.vendor" value="Oracle Corporation"/>
    <property name="java.vendor.url" value="http://java.oracle.com/"/>
    <property name="guice.disable.misplaced.annotation.check" value="true"/>
    <property name="path.separator" value=";"/>
    <property name="java.vm.name" value="Java HotSpot(TM) 64-Bit Server VM"/>
    <property name="sun.os.patch.level" value="Service Pack 1"/>
    <property name="user.script" value=""/>
    <property name="user.country" value="CN"/>
    <property name="sun.java.launcher" value="SUN_STANDARD"/>
    <property name="java.vm.specification.name" value="Java Virtual Machine Specification"/>
    <property name="user.dir" value="F:\yinsheng\eclipse-workspace\campus_book"/>
    <property name="java.vm.compressedOopsMode" value="32-bit"/>
    <property name="java.runtime.version" value="11.0.6+8-LTS"/>
    <property name="java.awt.graphicsenv" value="sun.awt.Win32GraphicsEnvironment"/>
    <property name="os.arch" value="amd64"/>
    <property name="java.io.tmpdir" value="C:\Users\ADMINI~1\AppData\Local\Temp\"/>
    <property name="line.separator" value="
"/>
    <property name="java.vm.specification.vendor" value="Oracle Corporation"/>
    <property name="user.variant" value=""/>
    <property name="os.name" value="Windows 7"/>
    <property name="classworlds.conf" value="F:\yinsheng\eclipse-workspace\.metadata\.plugins\org.eclipse.m2e.launching\launches\m2conf3075995367271476424.tmp"/>
    <property name="sun.jnu.encoding" value="GBK"/>
    <property name="java.library.path" value="F:\yinsheng\jdk-11.0.6\bin;C:\Windows\Sun\Java\bin;C:\Windows\system32;C:\Windows;F:/yinsheng/jdk-11.0.6/bin/server;F:/yinsheng/jdk-11.0.6/bin;F:\yinsheng\jdk-11.0.6\bin;F:\yinsheng\jdk-11.0.6\jre\bin;F:\Program Files (x86)\Microsoft SQL Server\100\Tools\Binn\;F:\Program Files\Microsoft SQL Server\100\Tools\Binn\;F:\Program Files\Microsoft SQL Server\100\DTS\Binn\;F:\Program Files (x86)\Microsoft SQL Server\100\Tools\Binn\VSShell\Common7\IDE\;C:\Program Files (x86)\Microsoft Visual Studio 9.0\Common7\IDE\PrivateAssemblies\;F:\Program Files (x86)\Microsoft SQL Server\100\DTS\Binn\;F:\yinsheng\Git\cmd;F:\Maven\apache-maven-3.6.3\bin;C:\Windows\system32;C:\Windows;C:\Windows\System32\Wbem;C:\Windows\SysWOW64;F:\yinsheng\apache-tomcat-9.0.34\lib;F:\yinsheng\apache-tomcat-9.0.34\lib\servlet-api.jar;F:\yinsheng\apache-tomcat-9.0.34\lib\jsp-api.jar;C:\Program Files (x86)\IDM Computer Solutions\UltraEdit\;F:\yinsheng\eclipse;;."/>
    <property name="jdk.debug" value="release"/>
    <property name="java.class.version" value="55.0"/>
    <property name="java.specification.name" value="Java Platform API Specification"/>
    <property name="sun.management.compiler" value="HotSpot 64-Bit Tiered Compilers"/>
    <property name="os.version" value="6.1"/>
    <property name="user.home" value="C:\Users\Administrator"/>
    <property name="user.timezone" value="Asia/Shanghai"/>
    <property name="java.awt.printerjob" value="sun.awt.windows.WPrinterJob"/>
    <property name="file.encoding" value="UTF-8"/>
    <property name="java.specification.version" value="11"/>
    <property name="user.name" value="Administrator"/>
    <property name="java.class.path" value="F:\Maven\apache-maven-3.6.3\boot\plexus-classworlds-2.6.0.jar"/>
    <property name="java.vm.specification.version" value="11"/>
    <property name="sun.arch.data.model" value="64"/>
    <property name="sun.java.command" value="org.codehaus.plexus.classworlds.launcher.Launcher -B install"/>
    <property name="java.home" value="F:\yinsheng\jdk-11.0.6"/>
    <property name="user.language" value="zh"/>
    <property name="java.specification.vendor" value="Oracle Corporation"/>
    <property name="awt.toolkit" value="sun.awt.windows.WToolkit"/>
    <property name="java.vm.info" value="mixed mode"/>
    <property name="java.version" value="11.0.6"/>
    <property name="java.vendor" value="Oracle Corporation"/>
    <property name="maven.home" value="F:\Maven\apache-maven-3.6.3"/>
    <property name="file.separator" value="\"/>
    <property name="java.version.date" value="2020-01-14"/>
    <property name="java.vendor.url.bug" value="http://bugreport.java.com/bugreport/"/>
    <property name="sun.io.unicode.encoding" value="UnicodeLittle"/>
    <property name="sun.cpu.endian" value="little"/>
    <property name="java.vendor.version" value="18.9"/>
    <property name="sun.desktop" value="windows"/>
    <property name="sun.cpu.isalist" value="amd64"/>
  </properties>
  <testcase classname="org.mycom.campus_book.ReservationDaoTest" name="deleteReservation" time="13.284"/>
  <testcase classname="org.mycom.campus_book.ReservationDaoTest" name="queryAll" time="1.535"/>
  <testcase classname="org.mycom.campus_book.ReservationDaoTest" name="queryAndReturn" time="17.886"/>
  <testcase classname="org.mycom.campus_book.ReservationDaoTest" name="insertReservation" time="7.345"/>
</testsuite>